#
# There is insufficient memory for the Java Runtime Environment to continue.
# Native memory allocation (mmap) failed to map 23068672 bytes for G1 virtual space
# Possible reasons:
#   The system is out of physical RAM or swap space
#   The process is running with CompressedOops enabled, and the Java Heap may be blocking the growth of the native heap
# Possible solutions:
#   Reduce memory load on the system
#   Increase physical memory or swap space
#   Check if swap backing store is full
#   Decrease Java heap size (-Xmx/-Xms)
#   Decrease number of Java threads
#   Decrease Java thread stack sizes (-Xss)
#   Set larger code cache with -XX:ReservedCodeCacheSize=
#   JVM is running with Unscaled Compressed Oops mode in which the Java heap is
#     placed in the first 4GB address space. The Java Heap base address is the
#     maximum limit for the native heap growth. Please use -XX:HeapBaseMinAddress
#     to set the Java Heap base and to place the Java Heap above 4GB virtual address.
# This output file may be truncated or incomplete.
#
#  Out of Memory Error (os_windows.cpp:3541), pid=6680, tid=15956
#
# JRE version: OpenJDK Runtime Environment Temurin-17.0.4.1+1 (17.0.4.1+1) (build 17.0.4.1+1)
# Java VM: OpenJDK 64-Bit Server VM Temurin-17.0.4.1+1 (17.0.4.1+1, mixed mode, emulated-client, tiered, compressed oops, compressed class ptrs, g1 gc, windows-amd64)
# No core dump will be written. Minidumps are not enabled by default on client versions of Windows
#

---------------  S U M M A R Y ------------

Command Line: -Dcom.sun.management.jmxremote -Dcom.sun.management.jmxremote.port=62706 -Dcom.sun.management.jmxremote.authenticate=false -Dcom.sun.management.jmxremote.ssl=false -Djava.rmi.server.hostname=localhost -Dspring.jmx.enabled=true -Dspring.application.admin.enabled=true -XX:TieredStopAtLevel=1 -Dspring.boot.project.name=Product -Dfile.encoding=UTF-8 -XX:+ShowCodeDetailsInExceptionMessages com.shopNow.Product.ProductApplication --spring.output.ansi.enabled=always

Host: Intel(R) Core(TM) i5 CPU       M 540  @ 2.53GHz, 4 cores, 3G,  Windows 11 , 64 bit Build 22000 (10.0.22000.1516)
Time: Thu Mar 30 14:17:03 2023 India Standard Time elapsed time: 12016.208627 seconds (0d 3h 20m 16s)

---------------  T H R E A D  ---------------

Current thread (0x000001dbe5659d10):  VMThread "VM Thread" [stack: 0x000000335d400000,0x000000335d500000] [id=15956]

Stack: [0x000000335d400000,0x000000335d500000]
Native frames: (J=compiled Java code, j=interpreted, Vv=VM code, C=native code)
V  [jvm.dll+0x67731a]
V  [jvm.dll+0x832284]
V  [jvm.dll+0x833a2e]
V  [jvm.dll+0x834093]
V  [jvm.dll+0x245775]
V  [jvm.dll+0x674209]
V  [jvm.dll+0x668a92]
V  [jvm.dll+0x30471b]
V  [jvm.dll+0x30bc66]
V  [jvm.dll+0x35ba9e]
V  [jvm.dll+0x35bccf]
V  [jvm.dll+0x2db5b8]
V  [jvm.dll+0x2d986c]
V  [jvm.dll+0x2d8e3c]
V  [jvm.dll+0x31cd9b]
V  [jvm.dll+0x83853b]
V  [jvm.dll+0x839274]
V  [jvm.dll+0x83978c]
V  [jvm.dll+0x839b64]
V  [jvm.dll+0x839c30]
V  [jvm.dll+0x7e240a]
V  [jvm.dll+0x6761a5]
C  [ucrtbase.dll+0x26c0c]
C  [KERNEL32.DLL+0x155a0]
C  [ntdll.dll+0x485b]

VM_Operation (0x000000335e8fbc50): G1CollectForAllocation, mode: safepoint, requested by thread 0x000001dbeb2c9d50


---------------  P R O C E S S  ---------------

Threads class SMR info:
_java_thread_list=0x000001dbed787e90, length=26, elements={
0x000001dbe5627d70, 0x000001dbe5629ed0, 0x000001dbe5677020, 0x000001dbe56778e0,
0x000001dbe567a1b0, 0x000001dbe567aa70, 0x000001dbe568d010, 0x000001dbe56c0000,
0x000001dbe55ec0d0, 0x000001dbe617cbc0, 0x000001dbe68acbd0, 0x000001dbe68b47b0,
0x000001dbe63fa790, 0x000001dbe794af00, 0x000001dbe7926c10, 0x000001dbeb2ce580,
0x000001dbea51e840, 0x000001dbea51fb80, 0x000001dbeb2cba30, 0x000001dbeb2c9d50,
0x000001dbe69206b0, 0x000001dbeb2c8a10, 0x000001dbeb2cd710, 0x000001dbeb2cf8c0,
0x000001dbeb2ce0b0, 0x000001dbeb2cea50
}

Java Threads: ( => current thread )
  0x000001dbe5627d70 JavaThread "Reference Handler" daemon [_thread_blocked, id=10284, stack(0x000000335d500000,0x000000335d600000)]
  0x000001dbe5629ed0 JavaThread "Finalizer" daemon [_thread_blocked, id=16708, stack(0x000000335d600000,0x000000335d700000)]
  0x000001dbe5677020 JavaThread "Signal Dispatcher" daemon [_thread_blocked, id=16896, stack(0x000000335d700000,0x000000335d800000)]
  0x000001dbe56778e0 JavaThread "Attach Listener" daemon [_thread_blocked, id=12136, stack(0x000000335d800000,0x000000335d900000)]
  0x000001dbe567a1b0 JavaThread "Service Thread" daemon [_thread_blocked, id=18276, stack(0x000000335d900000,0x000000335da00000)]
  0x000001dbe567aa70 JavaThread "Monitor Deflation Thread" daemon [_thread_blocked, id=7908, stack(0x000000335da00000,0x000000335db00000)]
  0x000001dbe568d010 JavaThread "C1 CompilerThread0" daemon [_thread_blocked, id=4780, stack(0x000000335db00000,0x000000335dc00000)]
  0x000001dbe56c0000 JavaThread "Sweeper thread" daemon [_thread_blocked, id=13680, stack(0x000000335dc00000,0x000000335dd00000)]
  0x000001dbe55ec0d0 JavaThread "Common-Cleaner" daemon [_thread_blocked, id=11008, stack(0x000000335dd00000,0x000000335de00000)]
  0x000001dbe617cbc0 JavaThread "Notification Thread" daemon [_thread_blocked, id=9292, stack(0x000000335df00000,0x000000335e000000)]
  0x000001dbe68acbd0 JavaThread "RMI TCP Accept-0" daemon [_thread_in_native, id=16588, stack(0x000000335e000000,0x000000335e100000)]
  0x000001dbe68b47b0 JavaThread "RMI TCP Accept-62706" daemon [_thread_in_native, id=12804, stack(0x000000335e100000,0x000000335e200000)]
  0x000001dbe63fa790 JavaThread "RMI TCP Accept-0" daemon [_thread_in_native, id=5192, stack(0x000000335e500000,0x000000335e600000)]
  0x000001dbe794af00 JavaThread "RMI Scheduler(0)" daemon [_thread_blocked, id=15752, stack(0x000000335ea00000,0x000000335eb00000)]
  0x000001dbe7926c10 JavaThread "mysql-cj-abandoned-connection-cleanup" daemon [_thread_blocked, id=18028, stack(0x000000335ef00000,0x000000335f000000)]
  0x000001dbeb2ce580 JavaThread "DestroyJavaVM" [_thread_blocked, id=13232, stack(0x000000335cd00000,0x000000335ce00000)]
  0x000001dbea51e840 JavaThread "JMX server connection timeout 127" daemon [_thread_blocked, id=18248, stack(0x0000003360300000,0x0000003360400000)]
  0x000001dbea51fb80 JavaThread "RMI TCP Connection(164)-127.0.0.1" daemon [_thread_in_native, id=17676, stack(0x000000335ed00000,0x000000335ee00000)]
  0x000001dbeb2cba30 JavaThread "Thread-25" [_thread_blocked, id=4772, stack(0x000000335ce00000,0x000000335cf00000)]
  0x000001dbeb2c9d50 JavaThread "restartedMain" [_thread_blocked, id=8236, stack(0x000000335e800000,0x000000335e900000)]
  0x000001dbe69206b0 JavaThread "C1 CompilerThread1" daemon [_thread_blocked, id=1996, stack(0x000000335e700000,0x000000335e800000)]
  0x000001dbeb2c8a10 JavaThread "HikariPool-6 housekeeper" daemon [_thread_blocked, id=8524, stack(0x000000335eb00000,0x000000335ec00000)]
  0x000001dbeb2cd710 JavaThread "Catalina-utility-1" [_thread_blocked, id=15044, stack(0x000000335ec00000,0x000000335ed00000)]
  0x000001dbeb2cf8c0 JavaThread "Catalina-utility-2" [_thread_blocked, id=1812, stack(0x000000335f000000,0x000000335f100000)]
  0x000001dbeb2ce0b0 JavaThread "container-0" [_thread_blocked, id=10132, stack(0x000000335f100000,0x000000335f200000)]
  0x000001dbeb2cea50 JavaThread "HikariPool-6 connection adder" daemon [_thread_blocked, id=15152, stack(0x000000335f200000,0x000000335f300000)]

Other Threads:
=>0x000001dbe5659d10 VMThread "VM Thread" [stack: 0x000000335d400000,0x000000335d500000] [id=15956]
  0x000001dbe63fac60 WatcherThread [stack: 0x000000335e600000,0x000000335e700000] [id=18428]
  0x000001dbda844840 GCTaskThread "GC Thread#0" [stack: 0x000000335cf00000,0x000000335d000000] [id=12060]
  0x000001dbe68b4c80 GCTaskThread "GC Thread#1" [stack: 0x000000335e200000,0x000000335e300000] [id=13892]
  0x000001dbe6965e40 GCTaskThread "GC Thread#2" [stack: 0x000000335e300000,0x000000335e400000] [id=13404]
  0x000001dbe69660f0 GCTaskThread "GC Thread#3" [stack: 0x000000335e400000,0x000000335e500000] [id=8204]
  0x000001dbda84d340 ConcurrentGCThread "G1 Main Marker" [stack: 0x000000335d000000,0x000000335d100000] [id=1944]
  0x000001dbda84e650 ConcurrentGCThread "G1 Conc#0" [stack: 0x000000335d100000,0x000000335d200000] [id=8516]
  0x000001dbda888c10 ConcurrentGCThread "G1 Refine#0" [stack: 0x000000335d200000,0x000000335d300000] [id=15580]
  0x000001dbda889630 ConcurrentGCThread "G1 Service" [stack: 0x000000335d300000,0x000000335d400000] [id=16368]

Threads with active compile tasks:

VM state: at safepoint (normal execution)

VM Mutex/Monitor currently owned by a thread:  ([mutex/lock_event])
[0x000001dbda8045b0] Threads_lock - owner thread: 0x000001dbe5659d10
[0x000001dbda803710] Heap_lock - owner thread: 0x000001dbeb2c9d50

Heap address: 0x00000000c2200000, size: 990 MB, Compressed Oops mode: 32-bit

CDS archive(s) not mapped
Compressed class space mapped at: 0x0000000100000000-0x0000000140000000, reserved size: 1073741824
Narrow klass base: 0x0000000000000000, Narrow klass shift: 3, Narrow klass range: 0x140000000

GC Precious Log:
 CPUs: 4 total, 4 available
 Memory: 3955M
 Large Page Support: Disabled
 NUMA Support: Disabled
 Compressed Oops: Enabled (32-bit)
 Heap Region Size: 1M
 Heap Min Capacity: 8M
 Heap Initial Capacity: 62M
 Heap Max Capacity: 990M
 Pre-touch: Disabled
 Parallel Workers: 4
 Concurrent Workers: 1
 Concurrent Refinement Workers: 4
 Periodic GC: Disabled

Heap:
 garbage-first heap   total 109568K, used 45314K [0x00000000c2200000, 0x0000000100000000)
  region size 1024K, 6 young (6144K), 6 survivors (6144K)
 Metaspace       used 84369K, committed 84992K, reserved 1122304K
  class space    used 11521K, committed 11840K, reserved 1048576K

Heap Regions: E=young(eden), S=young(survivor), O=old, HS=humongous(starts), HC=humongous(continues), CS=collection set, F=free, OA=open archive, CA=closed archive, TAMS=top-at-mark-start (previous, next)
|   0|0x00000000c2200000, 0x00000000c2300000, 0x00000000c2300000|100%|HS|  |TAMS 0x00000000c2300000, 0x00000000c2200000| Untracked 
|   1|0x00000000c2300000, 0x00000000c2400000, 0x00000000c2400000|100%| O|  |TAMS 0x00000000c2400000, 0x00000000c2300000| Untracked 
|   2|0x00000000c2400000, 0x00000000c24f8790, 0x00000000c2500000| 97%| O|  |TAMS 0x00000000c24f8790, 0x00000000c2400000| Untracked 
|   3|0x00000000c2500000, 0x00000000c25fffe8, 0x00000000c2600000| 99%| O|  |TAMS 0x00000000c25fffe8, 0x00000000c2500000| Untracked 
|   4|0x00000000c2600000, 0x00000000c2700000, 0x00000000c2700000|100%| O|  |TAMS 0x00000000c2700000, 0x00000000c2600000| Untracked 
|   5|0x00000000c2700000, 0x00000000c27ffff0, 0x00000000c2800000| 99%| O|  |TAMS 0x00000000c27ffff0, 0x00000000c2700000| Untracked 
|   6|0x00000000c2800000, 0x00000000c28fffc8, 0x00000000c2900000| 99%| O|  |TAMS 0x00000000c28fffc8, 0x00000000c2800000| Untracked 
|   7|0x00000000c2900000, 0x00000000c29ffff8, 0x00000000c2a00000| 99%| O|  |TAMS 0x00000000c29ffff8, 0x00000000c2900000| Untracked 
|   8|0x00000000c2a00000, 0x00000000c2affff0, 0x00000000c2b00000| 99%| O|  |TAMS 0x00000000c2affff0, 0x00000000c2a00000| Untracked 
|   9|0x00000000c2b00000, 0x00000000c2bffff0, 0x00000000c2c00000| 99%| O|  |TAMS 0x00000000c2bffff0, 0x00000000c2b00000| Untracked 
|  10|0x00000000c2c00000, 0x00000000c2d00000, 0x00000000c2d00000|100%| O|  |TAMS 0x00000000c2d00000, 0x00000000c2c00000| Untracked 
|  11|0x00000000c2d00000, 0x00000000c2dfffe0, 0x00000000c2e00000| 99%| O|  |TAMS 0x00000000c2dfffe0, 0x00000000c2d00000| Untracked 
|  12|0x00000000c2e00000, 0x00000000c2efff70, 0x00000000c2f00000| 99%| O|  |TAMS 0x00000000c2efff70, 0x00000000c2e00000| Untracked 
|  13|0x00000000c2f00000, 0x00000000c2fffff8, 0x00000000c3000000| 99%| O|  |TAMS 0x00000000c2fffff8, 0x00000000c2f00000| Untracked 
|  14|0x00000000c3000000, 0x00000000c30ffff0, 0x00000000c3100000| 99%| O|  |TAMS 0x00000000c30ffff0, 0x00000000c3000000| Untracked 
|  15|0x00000000c3100000, 0x00000000c3200000, 0x00000000c3200000|100%| O|  |TAMS 0x00000000c3200000, 0x00000000c3100000| Untracked 
|  16|0x00000000c3200000, 0x00000000c32fffe8, 0x00000000c3300000| 99%| O|  |TAMS 0x00000000c32fffe8, 0x00000000c3200000| Untracked 
|  17|0x00000000c3300000, 0x00000000c33ffff0, 0x00000000c3400000| 99%| O|  |TAMS 0x00000000c33ffff0, 0x00000000c3300000| Untracked 
|  18|0x00000000c3400000, 0x00000000c3500000, 0x00000000c3500000|100%| O|  |TAMS 0x00000000c3500000, 0x00000000c3400000| Untracked 
|  19|0x00000000c3500000, 0x00000000c35ffbe0, 0x00000000c3600000| 99%| O|  |TAMS 0x00000000c35ffbe0, 0x00000000c3500000| Untracked 
|  20|0x00000000c3600000, 0x00000000c36fffe0, 0x00000000c3700000| 99%| O|  |TAMS 0x00000000c36fffe0, 0x00000000c3600000| Untracked 
|  21|0x00000000c3700000, 0x00000000c37ffcb8, 0x00000000c3800000| 99%| O|  |TAMS 0x00000000c37ffcb8, 0x00000000c3700000| Untracked 
|  22|0x00000000c3800000, 0x00000000c38ffff8, 0x00000000c3900000| 99%| O|  |TAMS 0x00000000c38ffff8, 0x00000000c3800000| Untracked 
|  23|0x00000000c3900000, 0x00000000c3a00000, 0x00000000c3a00000|100%| O|  |TAMS 0x00000000c3a00000, 0x00000000c3900000| Untracked 
|  24|0x00000000c3a00000, 0x00000000c3afffe8, 0x00000000c3b00000| 99%| O|  |TAMS 0x00000000c3afffe8, 0x00000000c3a00000| Untracked 
|  25|0x00000000c3b00000, 0x00000000c3bffc70, 0x00000000c3c00000| 99%| O|  |TAMS 0x00000000c3bffc70, 0x00000000c3b00000| Untracked 
|  26|0x00000000c3c00000, 0x00000000c3cfffc0, 0x00000000c3d00000| 99%| O|  |TAMS 0x00000000c3cfffc0, 0x00000000c3c00000| Untracked 
|  27|0x00000000c3d00000, 0x00000000c3e00000, 0x00000000c3e00000|100%| O|  |TAMS 0x00000000c3e00000, 0x00000000c3d00000| Untracked 
|  28|0x00000000c3e00000, 0x00000000c3f00000, 0x00000000c3f00000|100%| O|  |TAMS 0x00000000c3f00000, 0x00000000c3e00000| Untracked 
|  29|0x00000000c3f00000, 0x00000000c3fffff0, 0x00000000c4000000| 99%| O|  |TAMS 0x00000000c3f00000, 0x00000000c3f00000| Untracked 
|  30|0x00000000c4000000, 0x00000000c4100000, 0x00000000c4100000|100%| O|  |TAMS 0x00000000c4000000, 0x00000000c4000000| Untracked 
|  31|0x00000000c4100000, 0x00000000c41fffd8, 0x00000000c4200000| 99%| O|  |TAMS 0x00000000c4100000, 0x00000000c4100000| Untracked 
|  32|0x00000000c4200000, 0x00000000c42fffe0, 0x00000000c4300000| 99%| O|  |TAMS 0x00000000c4200000, 0x00000000c4200000| Untracked 
|  33|0x00000000c4300000, 0x00000000c43fffc8, 0x00000000c4400000| 99%| O|  |TAMS 0x00000000c43fffc8, 0x00000000c4300000| Untracked 
|  34|0x00000000c4400000, 0x00000000c4447098, 0x00000000c4500000| 27%| O|  |TAMS 0x00000000c4400000, 0x00000000c4400000| Untracked 
|  35|0x00000000c4500000, 0x00000000c45ffff8, 0x00000000c4600000| 99%| O|  |TAMS 0x00000000c4500000, 0x00000000c4500000| Untracked 
|  36|0x00000000c4600000, 0x00000000c46ffff0, 0x00000000c4700000| 99%| O|  |TAMS 0x00000000c4600000, 0x00000000c4600000| Untracked 
|  37|0x00000000c4700000, 0x00000000c4700000, 0x00000000c4800000|  0%| F|  |TAMS 0x00000000c4700000, 0x00000000c4700000| Untracked 
|  38|0x00000000c4800000, 0x00000000c4900000, 0x00000000c4900000|100%| O|  |TAMS 0x00000000c4800000, 0x00000000c4800000| Untracked 
|  39|0x00000000c4900000, 0x00000000c49fffd8, 0x00000000c4a00000| 99%| O|  |TAMS 0x00000000c49fffd8, 0x00000000c4900000| Untracked 
|  40|0x00000000c4a00000, 0x00000000c4acb9d8, 0x00000000c4b00000| 79%| O|  |TAMS 0x00000000c4a00000, 0x00000000c4a00000| Untracked 
|  41|0x00000000c4b00000, 0x00000000c4b00000, 0x00000000c4c00000|  0%| F|  |TAMS 0x00000000c4b00000, 0x00000000c4b00000| Untracked 
|  42|0x00000000c4c00000, 0x00000000c4c00000, 0x00000000c4d00000|  0%| F|  |TAMS 0x00000000c4c00000, 0x00000000c4c00000| Untracked 
|  43|0x00000000c4d00000, 0x00000000c4d00000, 0x00000000c4e00000|  0%| F|  |TAMS 0x00000000c4d00000, 0x00000000c4d00000| Untracked 
|  44|0x00000000c4e00000, 0x00000000c4e0d1a8, 0x00000000c4f00000|  5%| O|  |TAMS 0x00000000c4e00000, 0x00000000c4e00000| Untracked 
|  45|0x00000000c4f00000, 0x00000000c4f00000, 0x00000000c5000000|  0%| F|  |TAMS 0x00000000c4f00000, 0x00000000c4f00000| Untracked 
|  46|0x00000000c5000000, 0x00000000c5000000, 0x00000000c5100000|  0%| F|  |TAMS 0x00000000c5000000, 0x00000000c5000000| Untracked 
|  47|0x00000000c5100000, 0x00000000c5100000, 0x00000000c5200000|  0%| F|  |TAMS 0x00000000c5100000, 0x00000000c5100000| Untracked 
|  48|0x00000000c5200000, 0x00000000c5200000, 0x00000000c5300000|  0%| F|  |TAMS 0x00000000c5200000, 0x00000000c5200000| Untracked 
|  49|0x00000000c5300000, 0x00000000c5300000, 0x00000000c5400000|  0%| F|  |TAMS 0x00000000c5300000, 0x00000000c5300000| Untracked 
|  50|0x00000000c5400000, 0x00000000c5400000, 0x00000000c5500000|  0%| F|  |TAMS 0x00000000c5400000, 0x00000000c5400000| Untracked 
|  51|0x00000000c5500000, 0x00000000c5500000, 0x00000000c5600000|  0%| F|  |TAMS 0x00000000c5500000, 0x00000000c5500000| Untracked 
|  52|0x00000000c5600000, 0x00000000c5600000, 0x00000000c5700000|  0%| F|  |TAMS 0x00000000c5600000, 0x00000000c5600000| Untracked 
|  53|0x00000000c5700000, 0x00000000c5700000, 0x00000000c5800000|  0%| F|  |TAMS 0x00000000c5700000, 0x00000000c5700000| Untracked 
|  54|0x00000000c5800000, 0x00000000c58293a8, 0x00000000c5900000| 16%| S|CS|TAMS 0x00000000c5800000, 0x00000000c5800000| Complete 
|  55|0x00000000c5900000, 0x00000000c5a00000, 0x00000000c5a00000|100%| S|CS|TAMS 0x00000000c5900000, 0x00000000c5900000| Complete 
|  56|0x00000000c5a00000, 0x00000000c5a00000, 0x00000000c5b00000|  0%| F|  |TAMS 0x00000000c5a00000, 0x00000000c5a00000| Untracked 
|  57|0x00000000c5b00000, 0x00000000c5b00000, 0x00000000c5c00000|  0%| F|  |TAMS 0x00000000c5b00000, 0x00000000c5b00000| Untracked 
|  58|0x00000000c5c00000, 0x00000000c5c00000, 0x00000000c5d00000|  0%| F|  |TAMS 0x00000000c5c00000, 0x00000000c5c00000| Untracked 
|  59|0x00000000c5d00000, 0x00000000c5d00000, 0x00000000c5e00000|  0%| F|  |TAMS 0x00000000c5d00000, 0x00000000c5d00000| Untracked 
|  60|0x00000000c5e00000, 0x00000000c5f00000, 0x00000000c5f00000|100%| S|CS|TAMS 0x00000000c5e00000, 0x00000000c5e00000| Complete 
|  61|0x00000000c5f00000, 0x00000000c6000000, 0x00000000c6000000|100%| S|CS|TAMS 0x00000000c5f00000, 0x00000000c5f00000| Complete 
|  62|0x00000000c6000000, 0x00000000c6100000, 0x00000000c6100000|100%| S|CS|TAMS 0x00000000c6000000, 0x00000000c6000000| Complete 
|  63|0x00000000c6100000, 0x00000000c6200000, 0x00000000c6200000|100%| S|CS|TAMS 0x00000000c6100000, 0x00000000c6100000| Complete 
|  64|0x00000000c6200000, 0x00000000c6200000, 0x00000000c6300000|  0%| F|  |TAMS 0x00000000c6200000, 0x00000000c6200000| Untracked 
|  65|0x00000000c6300000, 0x00000000c6300000, 0x00000000c6400000|  0%| F|  |TAMS 0x00000000c6300000, 0x00000000c6300000| Untracked 
|  66|0x00000000c6400000, 0x00000000c6400000, 0x00000000c6500000|  0%| F|  |TAMS 0x00000000c6400000, 0x00000000c6400000| Untracked 
|  67|0x00000000c6500000, 0x00000000c6500000, 0x00000000c6600000|  0%| F|  |TAMS 0x00000000c6500000, 0x00000000c6500000| Untracked 
|  68|0x00000000c6600000, 0x00000000c6600000, 0x00000000c6700000|  0%| F|  |TAMS 0x00000000c6600000, 0x00000000c6600000| Untracked 
|  69|0x00000000c6700000, 0x00000000c6700000, 0x00000000c6800000|  0%| F|  |TAMS 0x00000000c6700000, 0x00000000c6700000| Untracked 
|  70|0x00000000c6800000, 0x00000000c6800000, 0x00000000c6900000|  0%| F|  |TAMS 0x00000000c6800000, 0x00000000c6800000| Untracked 
|  71|0x00000000c6900000, 0x00000000c6900000, 0x00000000c6a00000|  0%| F|  |TAMS 0x00000000c6900000, 0x00000000c6900000| Untracked 
|  72|0x00000000c6a00000, 0x00000000c6a00000, 0x00000000c6b00000|  0%| F|  |TAMS 0x00000000c6a00000, 0x00000000c6a00000| Untracked 
|  73|0x00000000c6b00000, 0x00000000c6b00000, 0x00000000c6c00000|  0%| F|  |TAMS 0x00000000c6b00000, 0x00000000c6b00000| Untracked 
|  74|0x00000000c6c00000, 0x00000000c6c00000, 0x00000000c6d00000|  0%| F|  |TAMS 0x00000000c6c00000, 0x00000000c6c00000| Untracked 
|  75|0x00000000c6d00000, 0x00000000c6d00000, 0x00000000c6e00000|  0%| F|  |TAMS 0x00000000c6d00000, 0x00000000c6d00000| Untracked 
|  76|0x00000000c6e00000, 0x00000000c6e00000, 0x00000000c6f00000|  0%| F|  |TAMS 0x00000000c6e00000, 0x00000000c6e00000| Untracked 
|  77|0x00000000c6f00000, 0x00000000c6f00000, 0x00000000c7000000|  0%| F|  |TAMS 0x00000000c6f00000, 0x00000000c6f00000| Untracked 
|  78|0x00000000c7000000, 0x00000000c7000000, 0x00000000c7100000|  0%| F|  |TAMS 0x00000000c7000000, 0x00000000c7000000| Untracked 
|  79|0x00000000c7100000, 0x00000000c7100000, 0x00000000c7200000|  0%| F|  |TAMS 0x00000000c7100000, 0x00000000c7100000| Untracked 
|  80|0x00000000c7200000, 0x00000000c7200000, 0x00000000c7300000|  0%| F|  |TAMS 0x00000000c7200000, 0x00000000c7200000| Untracked 
|  81|0x00000000c7300000, 0x00000000c7300000, 0x00000000c7400000|  0%| F|  |TAMS 0x00000000c7300000, 0x00000000c7300000| Untracked 
|  82|0x00000000c7400000, 0x00000000c7400000, 0x00000000c7500000|  0%| F|  |TAMS 0x00000000c7400000, 0x00000000c7400000| Untracked 
|  83|0x00000000c7500000, 0x00000000c7500000, 0x00000000c7600000|  0%| F|  |TAMS 0x00000000c7500000, 0x00000000c7500000| Untracked 
|  84|0x00000000c7600000, 0x00000000c7600000, 0x00000000c7700000|  0%| F|  |TAMS 0x00000000c7600000, 0x00000000c7600000| Untracked 
|  85|0x00000000c7700000, 0x00000000c7700000, 0x00000000c7800000|  0%| F|  |TAMS 0x00000000c7700000, 0x00000000c7700000| Untracked 
|  86|0x00000000c7800000, 0x00000000c7800000, 0x00000000c7900000|  0%| F|  |TAMS 0x00000000c7800000, 0x00000000c7800000| Untracked 
|  87|0x00000000c7900000, 0x00000000c7900000, 0x00000000c7a00000|  0%| F|  |TAMS 0x00000000c7900000, 0x00000000c7900000| Untracked 
|  88|0x00000000c7a00000, 0x00000000c7a00000, 0x00000000c7b00000|  0%| F|  |TAMS 0x00000000c7a00000, 0x00000000c7a00000| Untracked 
|  89|0x00000000c7b00000, 0x00000000c7b00000, 0x00000000c7c00000|  0%| F|  |TAMS 0x00000000c7b00000, 0x00000000c7b00000| Untracked 
|  90|0x00000000c7c00000, 0x00000000c7c00000, 0x00000000c7d00000|  0%| F|  |TAMS 0x00000000c7c00000, 0x00000000c7c00000| Untracked 
|  91|0x00000000c7d00000, 0x00000000c7d00000, 0x00000000c7e00000|  0%| F|  |TAMS 0x00000000c7d00000, 0x00000000c7d00000| Untracked 
|  92|0x00000000c7e00000, 0x00000000c7e00000, 0x00000000c7f00000|  0%| F|  |TAMS 0x00000000c7e00000, 0x00000000c7e00000| Untracked 
|  93|0x00000000c7f00000, 0x00000000c7f00000, 0x00000000c8000000|  0%| F|  |TAMS 0x00000000c7f00000, 0x00000000c7f00000| Untracked 
|  94|0x00000000c8000000, 0x00000000c8000000, 0x00000000c8100000|  0%| F|  |TAMS 0x00000000c8000000, 0x00000000c8000000| Untracked 
|  95|0x00000000c8100000, 0x00000000c8100000, 0x00000000c8200000|  0%| F|  |TAMS 0x00000000c8100000, 0x00000000c8100000| Untracked 
|  96|0x00000000c8200000, 0x00000000c8200000, 0x00000000c8300000|  0%| F|  |TAMS 0x00000000c8200000, 0x00000000c8200000| Untracked 
|  97|0x00000000c8300000, 0x00000000c8300000, 0x00000000c8400000|  0%| F|  |TAMS 0x00000000c8300000, 0x00000000c8300000| Untracked 
|  98|0x00000000c8400000, 0x00000000c8400000, 0x00000000c8500000|  0%| F|  |TAMS 0x00000000c8400000, 0x00000000c8400000| Untracked 
|  99|0x00000000c8500000, 0x00000000c8500000, 0x00000000c8600000|  0%| F|  |TAMS 0x00000000c8500000, 0x00000000c8500000| Untracked 
| 100|0x00000000c8600000, 0x00000000c8600000, 0x00000000c8700000|  0%| F|  |TAMS 0x00000000c8600000, 0x00000000c8600000| Untracked 
| 101|0x00000000c8700000, 0x00000000c8700000, 0x00000000c8800000|  0%| F|  |TAMS 0x00000000c8700000, 0x00000000c8700000| Untracked 
| 102|0x00000000c8800000, 0x00000000c8800000, 0x00000000c8900000|  0%| F|  |TAMS 0x00000000c8800000, 0x00000000c8800000| Untracked 
| 103|0x00000000c8900000, 0x00000000c8900000, 0x00000000c8a00000|  0%| F|  |TAMS 0x00000000c8900000, 0x00000000c8900000| Untracked 
| 104|0x00000000c8a00000, 0x00000000c8a00000, 0x00000000c8b00000|  0%| F|  |TAMS 0x00000000c8a00000, 0x00000000c8a00000| Untracked 
| 105|0x00000000c8b00000, 0x00000000c8b00000, 0x00000000c8c00000|  0%| F|  |TAMS 0x00000000c8b00000, 0x00000000c8b00000| Untracked 
| 106|0x00000000c8c00000, 0x00000000c8c00000, 0x00000000c8d00000|  0%| F|  |TAMS 0x00000000c8c00000, 0x00000000c8c00000| Untracked 

Card table byte_map: [0x000001dbe0ec0000,0x000001dbe10b0000] _byte_map_base: 0x000001dbe08af000

Marking Bits (Prev, Next): (CMBitMap*) 0x000001dbda844e50, (CMBitMap*) 0x000001dbda844e90
 Prev Bits: [0x000001dbe12a0000, 0x000001dbe2218000)
 Next Bits: [0x000001dbe2220000, 0x000001dbe3198000)

Polling page: 0x000001dbd86a0000

Metaspace:

Usage:
  Non-class:     71.14 MB used.
      Class:     11.25 MB used.
       Both:     82.39 MB used.

Virtual space:
  Non-class space:       72.00 MB reserved,      71.44 MB (>99%) committed,  9 nodes.
      Class space:        1.00 GB reserved,      11.56 MB (  1%) committed,  1 nodes.
             Both:        1.07 GB reserved,      83.00 MB (  8%) committed. 

Chunk freelists:
   Non-Class:  527.00 KB
       Class:  516.00 KB
        Both:  1.02 MB

MaxMetaspaceSize: unlimited
CompressedClassSpaceSize: 1.00 GB
Initial GC threshold: 21.00 MB
Current GC threshold: 138.56 MB
CDS: off
MetaspaceReclaimPolicy: balanced
 - commit_granule_bytes: 65536.
 - commit_granule_words: 8192.
 - virtual_space_node_default_size: 1048576.
 - enlarge_chunks_in_place: 1.
 - new_chunks_are_fully_committed: 0.
 - uncommit_free_chunks: 1.
 - use_allocation_guard: 0.
 - handle_deallocations: 1.


Internal statistics:

num_allocs_failed_limit: 6.
num_arena_births: 1410.
num_arena_deaths: 608.
num_vsnodes_births: 10.
num_vsnodes_deaths: 0.
num_space_committed: 1340.
num_space_uncommitted: 12.
num_chunks_returned_to_freelist: 934.
num_chunks_taken_from_freelist: 4740.
num_chunk_merges: 250.
num_chunk_splits: 2898.
num_chunks_enlarged: 2008.
num_purges: 18.
num_inconsistent_stats: 0.

CodeCache: size=49152Kb used=26305Kb max_used=26849Kb free=22846Kb
 bounds [0x000001dbddec0000, 0x000001dbdf900000, 0x000001dbe0ec0000]
 total_blobs=15736 nmethods=15034 adapters=628
 compilation: enabled
              stopped_count=0, restarted_count=0
 full_count=0

Compilation events (20 events):
Event: 12015.057 Thread 0x000001dbe69206b0 15104       1       java.lang.invoke.ClassSpecializer$SpeciesData::getterFunction (78 bytes)
Event: 12015.057 Thread 0x000001dbe69206b0 nmethod 15104 0x000001dbdf79ff90 code [0x000001dbdf7a0120, 0x000001dbdf7a0248]
Event: 12015.101 Thread 0x000001dbe568d010 15105       1       com.mysql.cj.protocol.a.ResultsetFactory::createFromProtocolEntity (6 bytes)
Event: 12015.101 Thread 0x000001dbe69206b0 15106       1       com.mysql.cj.protocol.a.ResultsetFactory::createFromProtocolEntity (66 bytes)
Event: 12015.101 Thread 0x000001dbe568d010 nmethod 15105 0x000001dbdf79fc90 code [0x000001dbdf79fe20, 0x000001dbdf79ff08]
Event: 12015.101 Thread 0x000001dbe568d010 15107       1       com.mysql.cj.protocol.a.result.NativeResultset::<init> (108 bytes)
Event: 12015.102 Thread 0x000001dbe568d010 nmethod 15107 0x000001dbdf79f510 code [0x000001dbdf79f6e0, 0x000001dbdf79faf8]
Event: 12015.102 Thread 0x000001dbe69206b0 nmethod 15106 0x000001dbdf79ea10 code [0x000001dbdf79ec40, 0x000001dbdf79f268]
Event: 12015.154 Thread 0x000001dbe568d010 15108       1       com.mysql.cj.protocol.a.ResultsetFactory::<init> (29 bytes)
Event: 12015.154 Thread 0x000001dbe568d010 nmethod 15108 0x000001dbdf79e590 code [0x000001dbdf79e740, 0x000001dbdf79e998]
Event: 12015.181 Thread 0x000001dbe69206b0 15109       1       org.hibernate.mapping.Column::getSqlTypeCode (5 bytes)
Event: 12015.181 Thread 0x000001dbe69206b0 nmethod 15109 0x000001dbdf79e290 code [0x000001dbdf79e420, 0x000001dbdf79e4f8]
Event: 12015.181 Thread 0x000001dbe69206b0 15110       1       org.hibernate.mapping.Column::getValue (5 bytes)
Event: 12015.181 Thread 0x000001dbe69206b0 nmethod 15110 0x000001dbdf79df90 code [0x000001dbdf79e120, 0x000001dbdf79e1f8]
Event: 12015.182 Thread 0x000001dbe568d010 15111       1       org.hibernate.mapping.Column::isUnique (5 bytes)
Event: 12015.182 Thread 0x000001dbe568d010 nmethod 15111 0x000001dbdf79dc90 code [0x000001dbdf79de20, 0x000001dbdf79def8]
Event: 12015.182 Thread 0x000001dbe69206b0 15112       1       org.hibernate.mapping.Column::getGeneratedAs (5 bytes)
Event: 12015.182 Thread 0x000001dbe69206b0 nmethod 15112 0x000001dbdf79d990 code [0x000001dbdf79db20, 0x000001dbdf79dbf8]
Event: 12015.286 Thread 0x000001dbe568d010 15113       1       org.hibernate.type.descriptor.jdbc.BigIntJdbcType::getJdbcTypeCode (3 bytes)
Event: 12015.286 Thread 0x000001dbe568d010 nmethod 15113 0x000001dbdf79d690 code [0x000001dbdf79d820, 0x000001dbdf79d8f8]

GC Heap History (20 events):
Event: 11955.549 GC heap after
{Heap after GC invocations=67 (full 3):
 garbage-first heap   total 109568K, used 47107K [0x00000000c2200000, 0x0000000100000000)
  region size 1024K, 3 young (3072K), 3 survivors (3072K)
 Metaspace       used 84201K, committed 84800K, reserved 1122304K
  class space    used 11498K, committed 11776K, reserved 1048576K
}
Event: 11956.277 GC heap before
{Heap before GC invocations=67 (full 3):
 garbage-first heap   total 109568K, used 87043K [0x00000000c2200000, 0x0000000100000000)
  region size 1024K, 42 young (43008K), 3 survivors (3072K)
 Metaspace       used 84479K, committed 85056K, reserved 1122304K
  class space    used 11517K, committed 11776K, reserved 1048576K
}
Event: 11956.284 GC heap after
{Heap after GC invocations=68 (full 3):
 garbage-first heap   total 109568K, used 48473K [0x00000000c2200000, 0x0000000100000000)
  region size 1024K, 4 young (4096K), 4 survivors (4096K)
 Metaspace       used 84479K, committed 85056K, reserved 1122304K
  class space    used 11517K, committed 11776K, reserved 1048576K
}
Event: 11957.013 GC heap before
{Heap before GC invocations=68 (full 3):
 garbage-first heap   total 109568K, used 87385K [0x00000000c2200000, 0x0000000100000000)
  region size 1024K, 42 young (43008K), 4 survivors (4096K)
 Metaspace       used 84793K, committed 85376K, reserved 1122304K
  class space    used 11537K, committed 11776K, reserved 1048576K
}
Event: 11957.026 GC heap after
{Heap after GC invocations=69 (full 3):
 garbage-first heap   total 109568K, used 50624K [0x00000000c2200000, 0x0000000100000000)
  region size 1024K, 5 young (5120K), 5 survivors (5120K)
 Metaspace       used 84793K, committed 85376K, reserved 1122304K
  class space    used 11537K, committed 11776K, reserved 1048576K
}
Event: 11973.352 GC heap before
{Heap before GC invocations=69 (full 3):
 garbage-first heap   total 109568K, used 76224K [0x00000000c2200000, 0x0000000100000000)
  region size 1024K, 31 young (31744K), 5 survivors (5120K)
 Metaspace       used 84827K, committed 85376K, reserved 1122304K
  class space    used 11543K, committed 11776K, reserved 1048576K
}
Event: 11973.660 GC heap after
{Heap after GC invocations=70 (full 4):
 garbage-first heap   total 109568K, used 42005K [0x00000000c2200000, 0x0000000100000000)
  region size 1024K, 0 young (0K), 0 survivors (0K)
 Metaspace       used 83953K, committed 85120K, reserved 1122304K
  class space    used 11477K, committed 11776K, reserved 1048576K
}
Event: 11976.299 GC heap before
{Heap before GC invocations=70 (full 4):
 garbage-first heap   total 109568K, used 87061K [0x00000000c2200000, 0x0000000100000000)
  region size 1024K, 44 young (45056K), 0 survivors (0K)
 Metaspace       used 84161K, committed 85120K, reserved 1122304K
  class space    used 11495K, committed 11776K, reserved 1048576K
}
Event: 11976.315 GC heap after
{Heap after GC invocations=71 (full 4):
 garbage-first heap   total 109568K, used 46007K [0x00000000c2200000, 0x0000000100000000)
  region size 1024K, 4 young (4096K), 4 survivors (4096K)
 Metaspace       used 84161K, committed 85120K, reserved 1122304K
  class space    used 11495K, committed 11776K, reserved 1048576K
}
Event: 11979.200 GC heap before
{Heap before GC invocations=71 (full 4):
 garbage-first heap   total 109568K, used 86967K [0x00000000c2200000, 0x0000000100000000)
  region size 1024K, 44 young (45056K), 4 survivors (4096K)
 Metaspace       used 84247K, committed 85120K, reserved 1122304K
  class space    used 11507K, committed 11776K, reserved 1048576K
}
Event: 11979.218 GC heap after
{Heap after GC invocations=72 (full 4):
 garbage-first heap   total 109568K, used 47339K [0x00000000c2200000, 0x0000000100000000)
  region size 1024K, 3 young (3072K), 3 survivors (3072K)
 Metaspace       used 84247K, committed 85120K, reserved 1122304K
  class space    used 11507K, committed 11776K, reserved 1048576K
}
Event: 11980.645 GC heap before
{Heap before GC invocations=72 (full 4):
 garbage-first heap   total 109568K, used 86251K [0x00000000c2200000, 0x0000000100000000)
  region size 1024K, 41 young (41984K), 3 survivors (3072K)
 Metaspace       used 84520K, committed 85120K, reserved 1122304K
  class space    used 11524K, committed 11776K, reserved 1048576K
}
Event: 11980.659 GC heap after
{Heap after GC invocations=73 (full 4):
 garbage-first heap   total 109568K, used 48519K [0x00000000c2200000, 0x0000000100000000)
  region size 1024K, 4 young (4096K), 4 survivors (4096K)
 Metaspace       used 84520K, committed 85120K, reserved 1122304K
  class space    used 11524K, committed 11776K, reserved 1048576K
}
Event: 11982.031 GC heap before
{Heap before GC invocations=73 (full 4):
 garbage-first heap   total 109568K, used 87431K [0x00000000c2200000, 0x0000000100000000)
  region size 1024K, 42 young (43008K), 4 survivors (4096K)
 Metaspace       used 84841K, committed 85440K, reserved 1122304K
  class space    used 11547K, committed 11840K, reserved 1048576K
}
Event: 11982.044 GC heap after
{Heap after GC invocations=74 (full 4):
 garbage-first heap   total 109568K, used 49773K [0x00000000c2200000, 0x0000000100000000)
  region size 1024K, 5 young (5120K), 5 survivors (5120K)
 Metaspace       used 84841K, committed 85440K, reserved 1122304K
  class space    used 11547K, committed 11840K, reserved 1048576K
}
Event: 12008.570 GC heap before
{Heap before GC invocations=74 (full 4):
 garbage-first heap   total 109568K, used 70253K [0x00000000c2200000, 0x0000000100000000)
  region size 1024K, 26 young (26624K), 5 survivors (5120K)
 Metaspace       used 84864K, committed 85504K, reserved 1122304K
  class space    used 11551K, committed 11840K, reserved 1048576K
}
Event: 12009.453 GC heap after
{Heap after GC invocations=75 (full 5):
 garbage-first heap   total 109568K, used 40029K [0x00000000c2200000, 0x0000000100000000)
  region size 1024K, 0 young (0K), 0 survivors (0K)
 Metaspace       used 83993K, committed 84992K, reserved 1122304K
  class space    used 11484K, committed 11840K, reserved 1048576K
}
Event: 12012.039 GC heap before
{Heap before GC invocations=75 (full 5):
 garbage-first heap   total 109568K, used 88157K [0x00000000c2200000, 0x0000000100000000)
  region size 1024K, 47 young (48128K), 0 survivors (0K)
 Metaspace       used 84194K, committed 84992K, reserved 1122304K
  class space    used 11501K, committed 11840K, reserved 1048576K
}
Event: 12012.056 GC heap after
{Heap after GC invocations=76 (full 5):
 garbage-first heap   total 109568K, used 43500K [0x00000000c2200000, 0x0000000100000000)
  region size 1024K, 4 young (4096K), 4 survivors (4096K)
 Metaspace       used 84194K, committed 84992K, reserved 1122304K
  class space    used 11501K, committed 11840K, reserved 1048576K
}
Event: 12016.183 GC heap before
{Heap before GC invocations=76 (full 5):
 garbage-first heap   total 109568K, used 88556K [0x00000000c2200000, 0x0000000100000000)
  region size 1024K, 47 young (48128K), 4 survivors (4096K)
 Metaspace       used 84369K, committed 84992K, reserved 1122304K
  class space    used 11521K, committed 11840K, reserved 1048576K
}

Deoptimization events (18 events):
Event: 20.665 Thread 0x000001dbe7967fa0 DEOPT PACKING pc=0x000001dbde421319 sp=0x000000335e8fce10
Event: 20.665 Thread 0x000001dbe7967fa0 DEOPT UNPACKING pc=0x000001dbddf12b24 sp=0x000000335e8fc2f0 mode 3
Event: 61.482 Thread 0x000001dbe7967fa0 DEOPT PACKING pc=0x000001dbde64bdfd sp=0x000000335e8f8520
Event: 61.482 Thread 0x000001dbe7967fa0 DEOPT UNPACKING pc=0x000001dbddf12b24 sp=0x000000335e8f7a88 mode 3
Event: 99.317 Thread 0x000001dbe7967fa0 DEOPT PACKING pc=0x000001dbde42f594 sp=0x000000335e8fc070
Event: 99.317 Thread 0x000001dbe7967fa0 DEOPT UNPACKING pc=0x000001dbddf12b24 sp=0x000000335e8fb5c8 mode 0
Event: 106.972 Thread 0x000001dbe7967fa0 DEOPT PACKING pc=0x000001dbdea1a599 sp=0x000000335e8f59a0
Event: 106.972 Thread 0x000001dbe7967fa0 DEOPT UNPACKING pc=0x000001dbddf12b24 sp=0x000000335e8f4e80 mode 3
Event: 108.058 Thread 0x000001dbe7967fa0 DEOPT PACKING pc=0x000001dbde41d3d2 sp=0x000000335e8fd8d0
Event: 108.058 Thread 0x000001dbe7967fa0 DEOPT UNPACKING pc=0x000001dbddf12b24 sp=0x000000335e8fcdd8 mode 3
Event: 108.134 Thread 0x000001dbe7967fa0 DEOPT PACKING pc=0x000001dbde411ac5 sp=0x000000335e8fd890
Event: 108.134 Thread 0x000001dbe7967fa0 DEOPT UNPACKING pc=0x000001dbddf12b24 sp=0x000000335e8fcdd8 mode 3
Event: 2114.243 Thread 0x000001dbeb2cba30 DEOPT PACKING pc=0x000001dbded806fb sp=0x000000335fbfcc00
Event: 2114.245 Thread 0x000001dbeb2cba30 DEOPT UNPACKING pc=0x000001dbddf12b24 sp=0x000000335fbfc128 mode 3
Event: 6549.431 Thread 0x000001dbea5209f0 DEOPT PACKING pc=0x000001dbdeee3bab sp=0x000000335f7fd190
Event: 6549.435 Thread 0x000001dbea5209f0 DEOPT UNPACKING pc=0x000001dbddf12b24 sp=0x000000335f7fc6a0 mode 3
Event: 11493.549 Thread 0x000001dbeb2cc8a0 DEOPT PACKING pc=0x000001dbdf63f36f sp=0x000000335f7fcaf0
Event: 11493.550 Thread 0x000001dbeb2cc8a0 DEOPT UNPACKING pc=0x000001dbddf12b24 sp=0x000000335f7fc068 mode 3

Classes unloaded (20 events):
Event: 12008.766 Thread 0x000001dbe5659d10 Unloading class 0x0000000100b65008 'com/shopNow/Product/entity/ProductImage'
Event: 12008.766 Thread 0x000001dbe5659d10 Unloading class 0x0000000100b64e10 'com/shopNow/Product/repository/ProductImgRepo'
Event: 12008.766 Thread 0x000001dbe5659d10 Unloading class 0x0000000100b64bf0 'com/shopNow/Product/entity/MobileSpecifications'
Event: 12008.766 Thread 0x000001dbe5659d10 Unloading class 0x0000000100b649f8 'com/shopNow/Product/repository/MobileTechRepo'
Event: 12008.766 Thread 0x000001dbe5659d10 Unloading class 0x0000000100b647c8 'com/shopNow/Product/entity/ManufaturerInfo'
Event: 12008.766 Thread 0x000001dbe5659d10 Unloading class 0x0000000100b645d0 'com/shopNow/Product/repository/ManfacturerInfoRepo'
Event: 12008.766 Thread 0x000001dbe5659d10 Unloading class 0x0000000100b64000 'com/shopNow/Product/entity/LaptopSpecifications'
Event: 12008.766 Thread 0x000001dbe5659d10 Unloading class 0x0000000100b5ac68 'com/shopNow/Product/repository/LaptopTechRepo'
Event: 12008.767 Thread 0x000001dbe5659d10 Unloading class 0x0000000100b5aa28 'com/shopNow/Product/entity/Category'
Event: 12008.767 Thread 0x000001dbe5659d10 Unloading class 0x0000000100b5a830 'com/shopNow/Product/repository/CategoryRepo'
Event: 12008.767 Thread 0x000001dbe5659d10 Unloading class 0x0000000100b5a610 'com/shopNow/Product/entity/BasicSpecifications'
Event: 12008.767 Thread 0x000001dbe5659d10 Unloading class 0x0000000100b5a418 'com/shopNow/Product/repository/BasicTechRepo'
Event: 12008.767 Thread 0x000001dbe5659d10 Unloading class 0x0000000100b5a1f8 'com/shopNow/Product/entity/AdditionalDetails'
Event: 12008.767 Thread 0x000001dbe5659d10 Unloading class 0x0000000100b5a000 'com/shopNow/Product/repository/AdditionalRepo'
Event: 12008.767 Thread 0x000001dbe5659d10 Unloading class 0x0000000100b62cc0 'com/shopNow/Product/entity/AboutItem'
Event: 12008.767 Thread 0x000001dbe5659d10 Unloading class 0x0000000100b62ac8 'com/shopNow/Product/repository/AboutRepo'
Event: 12008.767 Thread 0x000001dbe5659d10 Unloading class 0x0000000100b62800 'com/shopNow/Product/services/ProductServiceImpl'
Event: 12008.767 Thread 0x000001dbe5659d10 Unloading class 0x0000000100b63c70 'com/shopNow/Product/services/ProductService'
Event: 12008.767 Thread 0x000001dbe5659d10 Unloading class 0x0000000100b63a00 'com/shopNow/Product/controller/ProductController'
Event: 12008.767 Thread 0x000001dbe5659d10 Unloading class 0x0000000100b63800 'com/shopNow/Product/ProductApplication'

Classes redefined (0 events):
No events

Internal exceptions (20 events):
Event: 11980.201 Thread 0x000001dbea51dea0 Exception <a 'java/lang/reflect/InvocationTargetException'{0x00000000c7a31c10}> (0x00000000c7a31c10) 
thrown [s\src\hotspot\share\runtime\reflection.cpp, line 1121]
Event: 11980.314 Thread 0x000001dbea51dea0 Exception <a 'java/lang/reflect/InvocationTargetException'{0x00000000c7594c58}> (0x00000000c7594c58) 
thrown [s\src\hotspot\share\runtime\reflection.cpp, line 1121]
Event: 11980.453 Thread 0x000001dbea51dea0 Exception <a 'java/lang/reflect/InvocationTargetException'{0x00000000c6fd7db0}> (0x00000000c6fd7db0) 
thrown [s\src\hotspot\share\runtime\reflection.cpp, line 1121]
Event: 11980.458 Thread 0x000001dbea51dea0 Exception <a 'java/lang/reflect/InvocationTargetException'{0x00000000c6fe7a58}> (0x00000000c6fe7a58) 
thrown [s\src\hotspot\share\runtime\reflection.cpp, line 1121]
Event: 11982.117 Thread 0x000001dbea51dea0 Exception <a 'java/net/BindException'{0x00000000c8a7d860}: Address already in use: bind> (0x00000000c8a7d860) 
thrown [s\src\hotspot\share\prims\jni.cpp, line 535]
Event: 11982.117 Thread 0x000001dbea51dea0 Exception <a 'java/net/SocketException'{0x00000000c8a7de40}: Socket is not connected: shutdown> (0x00000000c8a7de40) 
thrown [s\src\hotspot\share\prims\jni.cpp, line 535]
Event: 11990.551 Thread 0x000001dbea51fb80 Exception <a 'java/lang/NoSuchMethodError'{0x00000000c7a0ca40}: static [B.<clinit>()V> (0x00000000c7a0ca40) 
thrown [s\src\hotspot\share\prims\jni.cpp, line 1107]
Event: 12005.403 Thread 0x000001dbea51f1e0 Exception <a 'java/lang/InterruptedException'{0x00000000c7930010}: sleep interrupted> (0x00000000c7930010) 
thrown [s\src\hotspot\share\prims\jvm.cpp, line 3070]
Event: 12009.763 Thread 0x000001dbeb2c9d50 Exception <a 'sun/nio/fs/WindowsException'{0x00000000c8cedd18}> (0x00000000c8cedd18) 
thrown [s\src\hotspot\share\prims\jni.cpp, line 516]
Event: 12011.741 Thread 0x000001dbeb2c9d50 Exception <a 'java/lang/NoClassDefFoundError'{0x00000000c6838ad0}: org/flywaydb/core/Flyway> (0x00000000c6838ad0) 
thrown [s\src\hotspot\share\oops\constantPool.cpp, line 835]
Event: 12011.741 Thread 0x000001dbeb2c9d50 Exception <a 'java/lang/NoClassDefFoundError'{0x00000000c6839120}: liquibase/integration/spring/SpringLiquibase> (0x00000000c6839120) 
thrown [s\src\hotspot\share\oops\constantPool.cpp, line 835]
Event: 12011.774 Thread 0x000001dbeb2c9d50 Exception <a 'java/lang/NoClassDefFoundError'{0x00000000c68c2a98}: org/jooq/DSLContext> (0x00000000c68c2a98) 
thrown [s\src\hotspot\share\oops\constantPool.cpp, line 835]
Event: 12011.778 Thread 0x000001dbeb2c9d50 Exception <a 'java/lang/NoClassDefFoundError'{0x00000000c68dd988}: org/springframework/batch/core/repository/JobRepository> (0x00000000c68dd988) 
thrown [s\src\hotspot\share\oops\constantPool.cpp, line 835]
Event: 12011.778 Thread 0x000001dbeb2c9d50 Exception <a 'java/lang/NoClassDefFoundError'{0x00000000c68ddfd0}: org/quartz/Scheduler> (0x00000000c68ddfd0) 
thrown [s\src\hotspot\share\oops\constantPool.cpp, line 835]
Event: 12011.778 Thread 0x000001dbeb2c9d50 Exception <a 'java/lang/NoClassDefFoundError'{0x00000000c68de640}: org/springframework/session/jdbc/JdbcIndexedSessionRepository> (0x00000000c68de640) 
thrown [s\src\hotspot\share\oops\constantPool.cpp, line 835]
Event: 12012.068 Thread 0x000001dbeb2c9d50 Exception <a 'sun/nio/fs/WindowsException'{0x00000000c8c51380}> (0x00000000c8c51380) 
thrown [s\src\hotspot\share\prims\jni.cpp, line 516]
Event: 12012.069 Thread 0x000001dbeb2c9d50 Exception <a 'sun/nio/fs/WindowsException'{0x00000000c8c519e8}> (0x00000000c8c519e8) 
thrown [s\src\hotspot\share\prims\jni.cpp, line 516]
Event: 12012.069 Thread 0x000001dbeb2c9d50 Exception <a 'sun/nio/fs/WindowsException'{0x00000000c8c520c0}> (0x00000000c8c520c0) 
thrown [s\src\hotspot\share\prims\jni.cpp, line 516]
Event: 12012.120 Thread 0x000001dbeb2c9d50 Exception <a 'java/io/FileNotFoundException'{0x00000000c8c965b0}> (0x00000000c8c965b0) 
thrown [s\src\hotspot\share\prims\jni.cpp, line 516]
Event: 12012.526 Thread 0x000001dbeb2c9d50 Exception <a 'java/io/FileNotFoundException'{0x00000000c85794a8}> (0x00000000c85794a8) 
thrown [s\src\hotspot\share\prims\jni.cpp, line 516]

VM Operations (20 events):
Event: 11981.667 Executing VM operation: Cleanup done
Event: 11982.031 Executing VM operation: G1CollectForAllocation
Event: 11982.044 Executing VM operation: G1CollectForAllocation done
Event: 11983.045 Executing VM operation: Cleanup
Event: 11983.061 Executing VM operation: Cleanup done
Event: 11984.069 Executing VM operation: Cleanup
Event: 11984.069 Executing VM operation: Cleanup done
Event: 12006.332 Executing VM operation: Cleanup
Event: 12006.332 Executing VM operation: Cleanup done
Event: 12008.567 Executing VM operation: G1CollectFull
Event: 12009.453 Executing VM operation: G1CollectFull done
Event: 12010.457 Executing VM operation: Cleanup
Event: 12010.458 Executing VM operation: Cleanup done
Event: 12011.472 Executing VM operation: Cleanup
Event: 12011.472 Executing VM operation: Cleanup done
Event: 12012.039 Executing VM operation: G1CollectForAllocation
Event: 12012.056 Executing VM operation: G1CollectForAllocation done
Event: 12013.057 Executing VM operation: Cleanup
Event: 12013.058 Executing VM operation: Cleanup done
Event: 12016.183 Executing VM operation: G1CollectForAllocation

Events (20 events):
Event: 12005.536 Thread 0x000001dbea51d030 Thread exited: 0x000001dbea51d030
Event: 12008.530 Thread 0x000001dbeb2cb560 Thread exited: 0x000001dbeb2cb560
Event: 12008.530 Thread 0x000001dbeb2cd240 Thread exited: 0x000001dbeb2cd240
Event: 12008.530 Thread 0x000001dbeb2cf3f0 Thread exited: 0x000001dbeb2cf3f0
Event: 12008.554 Thread 0x000001dbeb2cd710 Thread exited: 0x000001dbeb2cd710
Event: 12009.457 Thread 0x000001dbeb2c93b0 Thread added: 0x000001dbeb2c93b0
Event: 12009.463 Thread 0x000001dbeb2c9d50 Thread added: 0x000001dbeb2c9d50
Event: 12009.463 Thread 0x000001dbeb2c93b0 Thread exited: 0x000001dbeb2c93b0
Event: 12010.071 Thread 0x000001dbeb2c8a10 Thread added: 0x000001dbeb2c8a10
Event: 12010.084 Thread 0x000001dbeb2c8a10 Thread exited: 0x000001dbeb2c8a10
Event: 12010.105 Thread 0x000001dbe69206b0 Thread added: 0x000001dbe69206b0
Event: 12010.106 Thread 0x000001dbe6922000 Thread added: 0x000001dbe6922000
Event: 12010.342 Thread 0x000001dbeb2cf3f0 Thread added: 0x000001dbeb2cf3f0
Event: 12010.424 Thread 0x000001dbeb2cf3f0 Thread exited: 0x000001dbeb2cf3f0
Event: 12012.502 Thread 0x000001dbeb2c8a10 Thread added: 0x000001dbeb2c8a10
Event: 12012.528 Thread 0x000001dbeb2cd710 Thread added: 0x000001dbeb2cd710
Event: 12012.528 Thread 0x000001dbeb2cf8c0 Thread added: 0x000001dbeb2cf8c0
Event: 12012.529 Thread 0x000001dbeb2ce0b0 Thread added: 0x000001dbeb2ce0b0
Event: 12012.607 Thread 0x000001dbeb2cea50 Thread added: 0x000001dbeb2cea50
Event: 12014.029 Thread 0x000001dbe6922000 Thread exited: 0x000001dbe6922000


Dynamic libraries:
0x00007ff7dbd90000 - 0x00007ff7dbd9e000 	C:\Users\Pavul\Downloads\spring-tool-suite-4-4.16.1.RELEASE-e4.25.0-win32.win32.x86_64.self-extracting\contents\sts-4.16.1.RELEASE\plugins\org.eclipse.justj.openjdk.hotspot.jre.full.win32.x86_64_17.0.4.v20221004-1257\jre\bin\javaw.exe
0x00007ffa8bce0000 - 0x00007ffa8bee9000 	C:\Windows\SYSTEM32\ntdll.dll
0x00007ffa8b8c0000 - 0x00007ffa8b97e000 	C:\Windows\System32\KERNEL32.DLL
0x00007ffa89670000 - 0x00007ffa899ec000 	C:\Windows\System32\KERNELBASE.dll
0x00007ffa89550000 - 0x00007ffa89661000 	C:\Windows\System32\ucrtbase.dll
0x00007ffa6d430000 - 0x00007ffa6d448000 	C:\Users\Pavul\Downloads\spring-tool-suite-4-4.16.1.RELEASE-e4.25.0-win32.win32.x86_64.self-extracting\contents\sts-4.16.1.RELEASE\plugins\org.eclipse.justj.openjdk.hotspot.jre.full.win32.x86_64_17.0.4.v20221004-1257\jre\bin\jli.dll
0x00007ffa8a940000 - 0x00007ffa8aaed000 	C:\Windows\System32\USER32.dll
0x00007ffa89520000 - 0x00007ffa89546000 	C:\Windows\System32\win32u.dll
0x00007ffa8b680000 - 0x00007ffa8b6a9000 	C:\Windows\System32\GDI32.dll
0x00007ffa891b0000 - 0x00007ffa892c8000 	C:\Windows\System32\gdi32full.dll
0x00007ffa892d0000 - 0x00007ffa8936d000 	C:\Windows\System32\msvcp_win.dll
0x00007ffa6b100000 - 0x00007ffa6b119000 	C:\Users\Pavul\Downloads\spring-tool-suite-4-4.16.1.RELEASE-e4.25.0-win32.win32.x86_64.self-extracting\contents\sts-4.16.1.RELEASE\plugins\org.eclipse.justj.openjdk.hotspot.jre.full.win32.x86_64_17.0.4.v20221004-1257\jre\bin\VCRUNTIME140.dll
0x00007ffa7d280000 - 0x00007ffa7d525000 	C:\Windows\WinSxS\amd64_microsoft.windows.common-controls_6595b64144ccf1df_6.0.22000.120_none_9d947278b86cc467\COMCTL32.dll
0x00007ffa8b550000 - 0x00007ffa8b5f3000 	C:\Windows\System32\msvcrt.dll
0x00007ffa8ab80000 - 0x00007ffa8abb1000 	C:\Windows\System32\IMM32.DLL
0x00007ffa6e250000 - 0x00007ffa6e25c000 	C:\Users\Pavul\Downloads\spring-tool-suite-4-4.16.1.RELEASE-e4.25.0-win32.win32.x86_64.self-extracting\contents\sts-4.16.1.RELEASE\plugins\org.eclipse.justj.openjdk.hotspot.jre.full.win32.x86_64_17.0.4.v20221004-1257\jre\bin\vcruntime140_1.dll
0x00007ffa5c920000 - 0x00007ffa5c9b1000 	C:\Users\Pavul\Downloads\spring-tool-suite-4-4.16.1.RELEASE-e4.25.0-win32.win32.x86_64.self-extracting\contents\sts-4.16.1.RELEASE\plugins\org.eclipse.justj.openjdk.hotspot.jre.full.win32.x86_64_17.0.4.v20221004-1257\jre\bin\msvcp140.dll
0x00007ff9f7340000 - 0x00007ff9f7f86000 	C:\Users\Pavul\Downloads\spring-tool-suite-4-4.16.1.RELEASE-e4.25.0-win32.win32.x86_64.self-extracting\contents\sts-4.16.1.RELEASE\plugins\org.eclipse.justj.openjdk.hotspot.jre.full.win32.x86_64_17.0.4.v20221004-1257\jre\bin\server\jvm.dll
0x00007ffa8bbd0000 - 0x00007ffa8bc7e000 	C:\Windows\System32\ADVAPI32.dll
0x00007ffa8b3d0000 - 0x00007ffa8b46e000 	C:\Windows\System32\sechost.dll
0x00007ffa8b990000 - 0x00007ffa8bab0000 	C:\Windows\System32\RPCRT4.dll
0x00007ffa8b980000 - 0x00007ffa8b988000 	C:\Windows\System32\PSAPI.DLL
0x00007ffa64740000 - 0x00007ffa64749000 	C:\Windows\SYSTEM32\WSOCK32.dll
0x00007ffa8a730000 - 0x00007ffa8a79f000 	C:\Windows\System32\WS2_32.dll
0x00007ffa843c0000 - 0x00007ffa843f3000 	C:\Windows\SYSTEM32\WINMM.dll
0x00007ffa7fd50000 - 0x00007ffa7fd5a000 	C:\Windows\SYSTEM32\VERSION.dll
0x00007ffa88320000 - 0x00007ffa88338000 	C:\Windows\SYSTEM32\kernel.appcore.dll
0x00007ffa85900000 - 0x00007ffa8590a000 	C:\Users\Pavul\Downloads\spring-tool-suite-4-4.16.1.RELEASE-e4.25.0-win32.win32.x86_64.self-extracting\contents\sts-4.16.1.RELEASE\plugins\org.eclipse.justj.openjdk.hotspot.jre.full.win32.x86_64_17.0.4.v20221004-1257\jre\bin\jimage.dll
0x00007ffa7b2b0000 - 0x00007ffa7b4d1000 	C:\Windows\SYSTEM32\DBGHELP.DLL
0x00007ffa7b1f0000 - 0x00007ffa7b221000 	C:\Windows\SYSTEM32\dbgcore.DLL
0x00007ffa89370000 - 0x00007ffa893ef000 	C:\Windows\System32\bcryptPrimitives.dll
0x00007ffa6d230000 - 0x00007ffa6d255000 	C:\Users\Pavul\Downloads\spring-tool-suite-4-4.16.1.RELEASE-e4.25.0-win32.win32.x86_64.self-extracting\contents\sts-4.16.1.RELEASE\plugins\org.eclipse.justj.openjdk.hotspot.jre.full.win32.x86_64_17.0.4.v20221004-1257\jre\bin\java.dll
0x00007ffa6d330000 - 0x00007ffa6d348000 	C:\Users\Pavul\Downloads\spring-tool-suite-4-4.16.1.RELEASE-e4.25.0-win32.win32.x86_64.self-extracting\contents\sts-4.16.1.RELEASE\plugins\org.eclipse.justj.openjdk.hotspot.jre.full.win32.x86_64_17.0.4.v20221004-1257\jre\bin\zip.dll
0x00007ffa89bd0000 - 0x00007ffa8a395000 	C:\Windows\System32\SHELL32.dll
0x00007ffa872b0000 - 0x00007ffa87b15000 	C:\Windows\SYSTEM32\windows.storage.dll
0x00007ffa8a3b0000 - 0x00007ffa8a726000 	C:\Windows\System32\combase.dll
0x00007ffa87140000 - 0x00007ffa872a6000 	C:\Windows\SYSTEM32\wintypes.dll
0x00007ffa8a850000 - 0x00007ffa8a93a000 	C:\Windows\System32\SHCORE.dll
0x00007ffa8b370000 - 0x00007ffa8b3cd000 	C:\Windows\System32\shlwapi.dll
0x00007ffa890e0000 - 0x00007ffa89101000 	C:\Windows\SYSTEM32\profapi.dll
0x00007ffa6d210000 - 0x00007ffa6d229000 	C:\Users\Pavul\Downloads\spring-tool-suite-4-4.16.1.RELEASE-e4.25.0-win32.win32.x86_64.self-extracting\contents\sts-4.16.1.RELEASE\plugins\org.eclipse.justj.openjdk.hotspot.jre.full.win32.x86_64_17.0.4.v20221004-1257\jre\bin\net.dll
0x00007ffa81620000 - 0x00007ffa81732000 	C:\Windows\SYSTEM32\WINHTTP.dll
0x00007ffa887c0000 - 0x00007ffa88827000 	C:\Windows\system32\mswsock.dll
0x00007ffa6c300000 - 0x00007ffa6c315000 	C:\Users\Pavul\Downloads\spring-tool-suite-4-4.16.1.RELEASE-e4.25.0-win32.win32.x86_64.self-extracting\contents\sts-4.16.1.RELEASE\plugins\org.eclipse.justj.openjdk.hotspot.jre.full.win32.x86_64_17.0.4.v20221004-1257\jre\bin\nio.dll
0x00007ffa6aba0000 - 0x00007ffa6aba9000 	C:\Users\Pavul\Downloads\spring-tool-suite-4-4.16.1.RELEASE-e4.25.0-win32.win32.x86_64.self-extracting\contents\sts-4.16.1.RELEASE\plugins\org.eclipse.justj.openjdk.hotspot.jre.full.win32.x86_64_17.0.4.v20221004-1257\jre\bin\management.dll
0x00007ffa6ab90000 - 0x00007ffa6ab9b000 	C:\Users\Pavul\Downloads\spring-tool-suite-4-4.16.1.RELEASE-e4.25.0-win32.win32.x86_64.self-extracting\contents\sts-4.16.1.RELEASE\plugins\org.eclipse.justj.openjdk.hotspot.jre.full.win32.x86_64_17.0.4.v20221004-1257\jre\bin\management_ext.dll
0x00007ffa69730000 - 0x00007ffa69747000 	C:\Windows\system32\napinsp.dll
0x00007ffa61400000 - 0x00007ffa6141b000 	C:\Windows\system32\pnrpnsp.dll
0x00007ffa87e70000 - 0x00007ffa87f58000 	C:\Windows\SYSTEM32\DNSAPI.dll
0x00007ffa87e40000 - 0x00007ffa87e6d000 	C:\Windows\SYSTEM32\IPHLPAPI.DLL
0x00007ffa8a3a0000 - 0x00007ffa8a3a9000 	C:\Windows\System32\NSI.dll
0x00007ffa60b90000 - 0x00007ffa60ba2000 	C:\Windows\System32\winrnr.dll
0x00007ffa60ac0000 - 0x00007ffa60ad5000 	C:\Windows\system32\wshbth.dll
0x00007ffa60a40000 - 0x00007ffa60a5f000 	C:\Windows\system32\nlansp_c.dll
0x00007ffa6b090000 - 0x00007ffa6b09a000 	C:\Windows\System32\rasadhlp.dll
0x00007ffa7fa90000 - 0x00007ffa7fb11000 	C:\Windows\System32\fwpuclnt.dll
0x00007ffa88a10000 - 0x00007ffa88a28000 	C:\Windows\SYSTEM32\CRYPTSP.dll
0x00007ffa88280000 - 0x00007ffa882b5000 	C:\Windows\system32\rsaenh.dll
0x00007ffa888b0000 - 0x00007ffa888d9000 	C:\Windows\SYSTEM32\USERENV.dll
0x00007ffa88c30000 - 0x00007ffa88c57000 	C:\Windows\SYSTEM32\bcrypt.dll
0x00007ffa88a00000 - 0x00007ffa88a0c000 	C:\Windows\SYSTEM32\CRYPTBASE.dll
0x00007ffa81150000 - 0x00007ffa81169000 	C:\Windows\SYSTEM32\dhcpcsvc6.DLL
0x00007ffa819b0000 - 0x00007ffa819ce000 	C:\Windows\SYSTEM32\dhcpcsvc.DLL
0x00007ffa858e0000 - 0x00007ffa858f0000 	C:\Users\Pavul\Downloads\spring-tool-suite-4-4.16.1.RELEASE-e4.25.0-win32.win32.x86_64.self-extracting\contents\sts-4.16.1.RELEASE\plugins\org.eclipse.justj.openjdk.hotspot.jre.full.win32.x86_64_17.0.4.v20221004-1257\jre\bin\verify.dll
0x00007ffa6b850000 - 0x00007ffa6b85e000 	C:\Users\Pavul\Downloads\spring-tool-suite-4-4.16.1.RELEASE-e4.25.0-win32.win32.x86_64.self-extracting\contents\sts-4.16.1.RELEASE\plugins\org.eclipse.justj.openjdk.hotspot.jre.full.win32.x86_64_17.0.4.v20221004-1257\jre\bin\sunmscapi.dll
0x00007ffa899f0000 - 0x00007ffa89b52000 	C:\Windows\System32\CRYPT32.dll
0x00007ffa88b60000 - 0x00007ffa88b88000 	C:\Windows\SYSTEM32\ncrypt.dll
0x00007ffa88b20000 - 0x00007ffa88b57000 	C:\Windows\SYSTEM32\NTASN1.dll
0x00007ffa85b50000 - 0x00007ffa85b58000 	C:\Windows\system32\wshunix.dll

dbghelp: loaded successfully - version: 4.0.5 - missing functions: none
symbol engine: initialized successfully - sym options: 0x614 - pdb path: .;C:\Users\Pavul\Downloads\spring-tool-suite-4-4.16.1.RELEASE-e4.25.0-win32.win32.x86_64.self-extracting\contents\sts-4.16.1.RELEASE\plugins\org.eclipse.justj.openjdk.hotspot.jre.full.win32.x86_64_17.0.4.v20221004-1257\jre\bin;C:\Windows\SYSTEM32;C:\Windows\WinSxS\amd64_microsoft.windows.common-controls_6595b64144ccf1df_6.0.22000.120_none_9d947278b86cc467;C:\Users\Pavul\Downloads\spring-tool-suite-4-4.16.1.RELEASE-e4.25.0-win32.win32.x86_64.self-extracting\contents\sts-4.16.1.RELEASE\plugins\org.eclipse.justj.openjdk.hotspot.jre.full.win32.x86_64_17.0.4.v20221004-1257\jre\bin\server

VM Arguments:
jvm_args: -Dcom.sun.management.jmxremote -Dcom.sun.management.jmxremote.port=62706 -Dcom.sun.management.jmxremote.authenticate=false -Dcom.sun.management.jmxremote.ssl=false -Djava.rmi.server.hostname=localhost -Dspring.jmx.enabled=true -Dspring.application.admin.enabled=true -XX:TieredStopAtLevel=1 -Dspring.boot.project.name=Product -Dfile.encoding=UTF-8 -XX:+ShowCodeDetailsInExceptionMessages 
java_command: com.shopNow.Product.ProductApplication --spring.output.ansi.enabled=always
java_class_path (initial): C:\Users\Pavul\Documents\workspace-spring-tool-suite-4-4.16.1.RELEASE\shopping-application-microservices\Product\target\classes;C:\Users\Pavul\.m2\repository\org\springframework\boot\spring-boot-starter-web\3.0.2\spring-boot-starter-web-3.0.2.jar;C:\Users\Pavul\.m2\repository\org\springframework\boot\spring-boot-starter-json\3.0.2\spring-boot-starter-json-3.0.2.jar;C:\Users\Pavul\.m2\repository\com\fasterxml\jackson\core\jackson-databind\2.14.1\jackson-databind-2.14.1.jar;C:\Users\Pavul\.m2\repository\com\fasterxml\jackson\datatype\jackson-datatype-jdk8\2.14.1\jackson-datatype-jdk8-2.14.1.jar;C:\Users\Pavul\.m2\repository\com\fasterxml\jackson\datatype\jackson-datatype-jsr310\2.14.1\jackson-datatype-jsr310-2.14.1.jar;C:\Users\Pavul\.m2\repository\com\fasterxml\jackson\module\jackson-module-parameter-names\2.14.1\jackson-module-parameter-names-2.14.1.jar;C:\Users\Pavul\.m2\repository\org\springframework\boot\spring-boot-starter-tomcat\3.0.2\spring-boot-starter-tomcat-3.0.2.jar;C:\Users\Pavul\.m2\repository\org\apache\tomcat\embed\tomcat-embed-core\10.1.5\tomcat-embed-core-10.1.5.jar;C:\Users\Pavul\.m2\repository\org\apache\tomcat\embed\tomcat-embed-el\10.1.5\tomcat-embed-el-10.1.5.jar;C:\Users\Pavul\.m2\repository\org\apache\tomcat\embed\tomcat-embed-websocket\10.1.5\tomcat-embed-websocket-10.1.5.jar;C:\Users\Pavul\.m2\repository\org\springframework\spring-web\6.0.4\spring-web-6.0.4.jar;C:\Users\Pavul\.m2\repository\org\springframework\spring-beans\6.0.4\spring-beans-6.0.4.jar;C:\Users\Pavul\.m2\repository\io\micrometer\micrometer-observation\1.10.3\micrometer-observation-1.10.3.jar;C:\Users\Pavul\.m2\repository\io\micrometer\micrometer-commons\1.10.3\micrometer-commons-1.10.3.jar;C:\Users\Pavul\.m2\repository\org\springframework\spring-webmvc\6.0.4\spring-webmvc-6.0.4.jar;C:\Users\Pavul\.m2\repository\org\springframework\spring-aop\6.0.4\spring-aop-6.0.4.jar;C:\Users\Pavul\.m2\repository\org\springframework\spring-context\6.0.4\spring-co
Launcher Type: SUN_STANDARD

[Global flags]
     intx CICompilerCount                          = 3                                         {product} {ergonomic}
     uint ConcGCThreads                            = 1                                         {product} {ergonomic}
     uint G1ConcRefinementThreads                  = 4                                         {product} {ergonomic}
   size_t G1HeapRegionSize                         = 1048576                                   {product} {ergonomic}
    uintx GCDrainStackTargetSize                   = 64                                        {product} {ergonomic}
   size_t InitialHeapSize                          = 65011712                                  {product} {ergonomic}
     bool ManagementServer                         = true                                      {product} {command line}
   size_t MarkStackSize                            = 4194304                                   {product} {ergonomic}
   size_t MaxHeapSize                              = 1038090240                                {product} {ergonomic}
   size_t MaxNewSize                               = 622854144                                 {product} {ergonomic}
   size_t MinHeapDeltaBytes                        = 1048576                                   {product} {ergonomic}
   size_t MinHeapSize                              = 8388608                                   {product} {ergonomic}
    uintx NonProfiledCodeHeapSize                  = 0                                      {pd product} {ergonomic}
     bool ProfileInterpreter                       = false                                  {pd product} {command line}
    uintx ProfiledCodeHeapSize                     = 0                                      {pd product} {ergonomic}
     bool ShowCodeDetailsInExceptionMessages       = true                                   {manageable} {command line}
   size_t SoftMaxHeapSize                          = 1038090240                             {manageable} {ergonomic}
     intx TieredStopAtLevel                        = 1                                         {product} {command line}
     bool UseCompressedClassPointers               = true                           {product lp64_product} {ergonomic}
     bool UseCompressedOops                        = true                           {product lp64_product} {ergonomic}
     bool UseG1GC                                  = true                                      {product} {ergonomic}
     bool UseLargePagesIndividualAllocation        = false                                  {pd product} {ergonomic}

Logging:
Log output configuration:
 #0: stdout all=warning uptime,level,tags
 #1: stderr all=off uptime,level,tags

Environment Variables:
JAVA_HOME=C:\Program Files\Java\jdk-17.0.4
CLASSPATH=C:\Program Files\Apache Software Foundation\Tomcat 10.0\lib\servlet-api.jar;E:\Java_Full_Stack\Oracle_driver\ojdbc11-full\ojdbc11_g.jar;C:\Program Files\Java\jdk-17.0.4\bin;
PATH=C:/Users/Pavul/Downloads/spring-tool-suite-4-4.16.1.RELEASE-e4.25.0-win32.win32.x86_64.self-extracting/contents/sts-4.16.1.RELEASE//plugins/org.eclipse.justj.openjdk.hotspot.jre.full.win32.x86_64_17.0.4.v20221004-1257/jre/bin/server;C:/Users/Pavul/Downloads/spring-tool-suite-4-4.16.1.RELEASE-e4.25.0-win32.win32.x86_64.self-extracting/contents/sts-4.16.1.RELEASE//plugins/org.eclipse.justj.openjdk.hotspot.jre.full.win32.x86_64_17.0.4.v20221004-1257/jre/bin;C:\Program Files\Java\jdk-17.0.4\bin;C:\Program Files (x86)\Common Files\DivX Shared\DesktopService;C:\Program Files\Git\cmd;C:\Program Files\MySQL\MySQL Server 8.0\bin;C:\Program Files\MySQL\MySQL Shell 8.0\bin\;C:\Users\Pavul\AppData\Local\Microsoft\WindowsApps;C:\Users\Pavul\AppData\Roaming\npm;C:\Users\Pavul\AppData\Local\Programs\Microsoft VS Code\bin;C:\Program Files\nodejs;C:\Program Files\Java\jdk-17.0.4\bin;C:\Users\Pavul\AppData\Local\GitHubDesktop\bin;C:\Users\Pavul\Downloads\keycloak-21.0.0\bin;C:\Program Files\MongoDB\Server\6.0\bin;C:\Users\Pavul\Downloads\mongosh-1.8.0-win32-x64\bin;;C:\Users\Pavul\Downloads\spring-tool-suite-4-4.16.1.RELEASE-e4.25.0-win32.win32.x86_64.self-extracting\contents\sts-4.16.1.RELEASE;
USERNAME=Pavul
OS=Windows_NT
PROCESSOR_IDENTIFIER=Intel64 Family 6 Model 37 Stepping 2, GenuineIntel
TMP=C:\Users\Pavul\AppData\Local\Temp
TEMP=C:\Users\Pavul\AppData\Local\Temp



---------------  S Y S T E M  ---------------

OS:
 Windows 11 , 64 bit Build 22000 (10.0.22000.1516)
OS uptime: 0 days 21:36 hours

CPU: total 4 (initial active 4) (2 cores per cpu, 2 threads per core) family 6 model 37 stepping 2 microcode 0x11, cx8, cmov, fxsr, ht, mmx, sse, sse2, sse3, ssse3, sse4.1, sse4.2, popcnt, tsc, tscinvbit, aes, clmul, clflush

Memory: 4k page, system-wide physical 3955M (252M free)
TotalPageFile size 16243M (AvailPageFile size 21M)
current process WorkingSet (physical memory assigned to process): 246M, peak: 250M
current process commit charge ("private bytes"): 319M, peak: 341M

vm_info: OpenJDK 64-Bit Server VM (17.0.4.1+1) for windows-amd64 JRE (17.0.4.1+1), built on Aug 17 2022 07:42:43 by "temurin" with MS VC++ 16.7 (VS2019)

END.
